1
0
3
2
5
4
6
7
9
8
11
10
13
12
15
14
16
17
18
19
20
21
22
23
24
25
26
27
28
29
30
32
31
34
33
36
35
38
37
40
39
42
41
44
43
46
45
47
48
49
50
51
52
53
54
55
56
58
57
60
59
62
61
64
63
66
68
65
67
70
69
72
71
74
73
76
75
78
77
80
79
82
81
84
83
86
85
88
87
90
89
92
91
94
93
96
95
98
97
100
99
102
101
104
103
106
105
107
108
109
110
111
112
113
115
114
117
116
119
118
121
120
123
122
125
124
127
126
129
128
131
130
132
133
134
135
136
137
138
139
140
141
142
143
144
146
148
145
150
147
149
151
153
152
155
157
154
159
156
161
163
158
165
167
169
171
173
160
175
177
162
179
164
181
166
183
168
170
185
172
187
174
189
176
191
178
193
195
180
197
182
199
184
201
203
205
207
209
211
213
215
217
219
186
221
223
225
227
188
229
231
233
190
235
237
239
192
241
243
245
194
247
249
251
253
196
255
257
259
261
198
263
265
200
267
269
271
273
275
202
277
279
204
281
206
283
208
210
285
287
212
289
214
291
216
218
293
220
295
222
297
224
299
226
301
228
303
230
305
232
234
236
238
240
242
244
246
248
307
250
252
309
254
311
256
313
258
315
317
260
319
262
321
264
323
266
325
268
327
270
329
272
331
274
333
276
335
278
337
280
339
282
341
284
343
286
345
288
347
290
349
292
294
351
296
353
298
300
355
302
357
304
359
306
308
361
310
363
312
365
314
367
316
369
318
371
320
373
322
375
324
377
326
379
328
381
330
383
332
385
334
387
336
389
338
391
340
393
342
395
344
397
346
399
348
401
350
403
352
405
354
407
356
358
409
360
411
362
413
364
415
366
417
368
419
370
421
372
423
374
425
376
427
378
429
380
431
382
433
384
435
386
437
388
439
390
441
392
443
394
445
396
447
398
449
400
451
402
453
404
455
406
457
408
459
410
461
412
463
414
465
416
467
418
469
420
471
422
473
424
475
426
477
428
479
430
481
432
483
434
485
436
487
438
489
440
491
442
493
444
495
446
497
448
499
450
501
452
503
454
505
456
507
458
509
460
511
513
515
517
519
521
523
525
527
529
531
533
535
537
539
541
462
543
545
464
547
466
549
468
551
553
555
557
559
561
563
565
567
569
571
470
573
575
472
577
474
579
476
581
478
583
480
585
482
587
484
589
486
591
488
593
490
595
492
597
494
599
496
601
498
500
502
504
603
506
605
508
607
510
609
512
611
514
613
516
615
518
617
520
619
522
621
524
623
526
625
528
627
530
629
532
631
534
633
536
635
538
637
540
639
542
641
544
643
546
645
548
647
550
649
552
651
554
653
556
655
558
657
560
659
562
661
564
663
566
665
568
667
570
669
572
671
574
673
576
675
578
677
580
679
582
681
584
683
586
685
588
687
590
689
592
691
594
693
695
697
596
699
701
703
598
705
707
600
709
711
602
713
604
715
606
717
608
719
610
721
612
723
614
725
616
727
618
729
620
622
624
626
628
630
632
634
731
636
638
733
640
735
642
737
644
739
646
741
648
743
650
745
652
747
654
749
656
751
658
753
660
755
662
757
664
759
666
761
668
763
670
765
672
767
674
769
676
771
678
773
680
775
682
777
684
779
686
781
688
783
690
785
692
787
694
789
696
791
698
793
700
795
797
702
799
704
706
801
708
803
710
805
712
807
714
809
716
811
718
813
720
815
722
817
724
819
726
821
728
823
730
825
732
827
734
829
736
831
738
833
740
835
742
837
744
839
746
841
748
843
750
845
752
847
754
849
756
851
758
853
760
855
762
857
764
859
766
861
768
863
770
865
772
867
774
869
776
871
778
873
780
875
782
877
784
879
786
881
788
883
790
885
792
887
794
889
796
891
798
893
800
895
802
897
899
804
901
806
903
808
905
810
907
812
909
814
911
816
913
818
915
820
917
822
919
824
921
826
923
828
925
830
927
832
929
834
931
836
933
838
935
840
937
939
842
941
844
943
945
846
947
848
949
850
951
852
953
854
955
856
957
858
959
860
961
862
963
864
965
866
967
868
969
971
870
973
872
874
876
975
878
977
880
979
882
981
884
983
886
985
888
987
989
890
892
991
894
896
898
993
900
995
902
997
904
999
906
1001
908
1003
910
1005
912
1007
914
1009
916
1011
918
1013
920
1015
922
924
1017
926
1019
928
1021
930
1023
932
1025
934
1027
936
1029
938
1031
940
1033
942
1035
944
1037
946
1039
948
1041
950
1043
952
1045
954
1047
956
1049
958
1051
960
1053
962
1055
964
1057
966
1059
968
1061
970
1063
972
1065
974
1067
976
1069
978
980
1071
982
1073
984
1075
986
1077
988
1079
990
1081
992
1083
994
1085
996
1087
998
1089
1000
1091
1002
1093
1004
1095
1006
1097
1008
1099
1010
1101
1012
1103
1014
1105
1016
1107
1018
1109
1020
1111
1022
1113
1024
1115
1026
1117
1028
1119
1030
1121
1032
1123
1034
1125
1036
1127
1038
1129
1040
1131
1042
1133
1044
1135
1046
1137
1048
1139
1050
1141
1052
1143
1054
1145
1056
1147
1058
1149
1060
1151
1062
1153
1064
1155
1066
1157
1068
1159
1070
1161
1072
1163
1074
1165
1076
1167
1078
1169
1080
1171
1082
1173
1084
1175
1086
1177
1088
1179
1090
1181
1092
1183
1094
1185
1096
1187
1098
1189
1100
1191
1102
1193
1104
1195
1106
1197
1108
1199
1110
1201
1112
1203
1114
1205
1116
1207
1118
1209
1120
1211
1122
1213
1124
1215
1126
1217
1128
1219
1130
1221
1132
1223
1134
1225
1136
1227
1138
1229
1140
1231
1142
1233
1144
1235
1146
1237
1148
1239
1150
1241
1152
1243
1154
1245
1156
1247
1158
1249
1160
1251
1162
1253
1164
1255
1166
1257
1168
1259
1170
1261
1172
1263
1174
1265
1176
1267
1178
1269
1180
1271
1182
1273
1184
1275
1186
1277
1188
1279
1190
1281
1192
1283
1194
1285
1196
1287
1198
1289
1200
1291
1202
1293
1204
1295
1206
1297
1208
1299
1210
1301
1303
1305
1307
1212
1309
1214
1311
1216
1313
1218
1315
1220
1317
1222
1319
1224
1321
1226
1323
1228
1325
1230
1327
1232
1329
1234
1331
1236
1333
1238
1335
1240
1337
1242
1339
1244
1341
1246
1343
1248
1345
1250
1347
1252
1349
1254
1351
1256
1353
1258
1355
1260
1357
1262
1359
1264
1361
1266
1363
1268
1365
1270
1367
1272
1369
1274
1371
1276
1373
1278
1375
1280
1377
1282
1379
1284
1381
1286
1383
1288
1385
1290
1387
1292
1389
1294
1391
1296
1393
1298
1395
1300
1397
1302
1399
1304
1401
1306
1403
1308
1405
1310
1407
1312
1409
1314
1411
1316
1413
1318
1415
1320
1417
1322
1419
1324
1421
1326
1423
1328
1425
1330
1427
1332
1429
1334
1431
1336
1433
1338
1435
1340
1437
1342
1439
1344
1441
1346
1443
1348
1445
1350
1447
1352
1449
1354
1451
1356
1453
1358
1455
1360
1457
1362
1459
1364
1461
1366
1463
1368
1465
1370
1467
1372
1469
1374
1471
1376
1473
1378
1475
1380
1477
1382
1479
1384
1481
1386
1483
1388
1485
1390
1487
1392
1489
1394
1491
1396
1493
1398
1495
1400
1497
1402
1499
1404
1501
1406
1503
1408
1505
1410
1507
1412
1509
1414
1416
1418
1511
1420
1513
1422
1515
1424
1517
1426
1519
1428
1521
1430
1523
1432
1525
1434
1527
1436
1529
1438
1531
1440
1533
1442
1535
1444
1537
1446
1539
1448
1541
1450
1543
1452
1545
1454
1547
1456
1549
1458
1551
1460
1553
1462
1555
1464
1557
1466
1559
1468
1561
1470
1563
1472
1565
1474
1567
1476
1569
1478
1571
1480
1573
1482
1575
1484
1577
1486
1579
1488
1581
1490
1583
1492
1585
1494
1587
1496
1589
1498
1591
1500
1593
1502
1595
1504
1597
1506
1599
1601
1603
1605
1607
1508
1609
1611
1510
1613
1512
1514
1516
1518
1520
1522
1524
1526
1528
1530
1532
1534
1536
1538
1540
1542
1544
1546
1548
1550
1552
1615
1554
1617
1556
1558
1619
1560
1621
1562
1623
1564
1625
1566
1627
1568
1629
1570
1631
1572
1633
1574
1635
1576
1637
1578
1639
1580
1641
1582
1643
1584
1645
1586
1647
1588
1649
1590
1651
1592
1653
1594
1655
1596
1657
1598
1659
1600
1661
1602
1663
1604
1665
1606
1667
1608
1669
1610
1671
1612
1673
1614
1675
1616
1677
1618
1679
1620
1681
1622
1683
1624
1685
1626
1687
1628
1689
1630
1691
1632
1693
1634
1695
1636
1697
1638
1699
1640
1701
1642
1703
1644
1646
1648
1650
1652
1654
1656
1658
1705
1660
1707
1662
1709
1664
1711
1666
1668
1713
1670
1715
1672
1717
1674
1719
1676
1721
1678
1723
1680
1725
1682
1727
1684
1729
1686
1731
1688
1733
1690
1735
1692
1737
1694
1739
1696
1741
1698
1743
1700
1745
1702
1747
1704
1749
1706
1751
1708
1753
1710
1755
1712
1757
1714
1759
1716
1761
1718
1763
1720
1765
1722
1767
1724
1769
1726
1771
1728
1773
1730
1775
1732
1777
1734
1779
1736
1781
1738
1783
1740
1785
1742
1787
1744
1789
1746
1791
1748
1793
1750
1795
1752
1797
1754
1799
1756
1801
1758
1803
1760
1805
1762
1807
1764
1809
1766
1811
1768
1813
1770
1772
1774
1776
1778
1780
1782
1784
1786
1788
1790
1792
1815
1794
1817
1796
1819
1798
1821
1800
1823
1802
1825
1804
1827
1806
1829
1808
1831
1810
1833
1812
1835
1814
1837
1816
1839
1818
1841
1820
1843
1822
1845
1824
1847
1826
1849
1828
1851
1830
1853
1832
1855
1834
1857
1836
1859
1838
1861
1840
1863
1842
1865
1844
1867
1846
1869
1871
1873
1875
1877
1879
1881
1883
1848
1885
1850
1887
1852
1889
1854
1891
1856
1893
1858
1895
1860
1897
1862
1899
1864
1901
1866
1903
1868
1905
1870
1907
1872
1909
1874
1911
1876
1913
1878
1915
1880
1917
1882
1919
1884
1921
1886
1923
1888
1925
1890
1927
1892
1929
1894
1931
1896
1933
1898
1935
1900
1937
1902
1939
1904
1941
1906
1943
1908
1945
1910
1947
1912
1914
1916
1949
1918
1951
1920
1953
1922
1955
1924
1957
1926
1959
1928
1961
1930
1963
1932
1965
1934
1967
1936
1969
1938
1971
1940
1973
1942
1944
1946
1948
1975
1950
1977
1952
1979
1954
1981
1956
1983
1958
1985
1960
1987
1962
1989
1964
1991
1966
1993
1968
1995
1970
1997
1972
1999
1974
2001
1976
2003
1978
2005
1980
2007
1982
2009
1984
2011
1986
2013
1988
2015
1990
2017
1992
2019
1994
2021
1996
2023
1998
2025
2000
2027
2002
2029
2004
2031
2006
2033
2008
2035
2010
2037
2012
2039
2014
2041
2016
2043
2018
2045
2020
2047
2022
2049
2024
2051
2026
2053
2028
2055
2030
2057
2032
2059
2034
2061
2036
2063
2038
2065
2040
2067
2042
2069
2044
2071
2046
2073
2048
2075
2050
2077
2052
2079
2054
2081
2056
2083
2058
2085
2060
2087
2062
2089
2064
2091
2066
2093
2068
2095
2070
2097
2072
2099
2074
2101
2076
2103
2078
2105
2080
2107
2082
2109
2084
2111
2086
2113
2088
2115
2090
2117
2092
2119
2094
2121
2096
2123
2098
2125
2100
2127
2102
2129
2104
2131
2106
2133
2108
2135
2110
2137
2112
2139
2114
2141
2116
2143
2118
2145
2120
2147
2122
2149
2124
2151
2153
2155
2126
2157
2128
2159
2130
2161
2132
2163
2134
2165
2136
2167
2138
2169
2140
2171
2142
2173
2144
2175
2146
2177
2148
2179
2150
2181
2152
2183
2154
2185
2156
2187
2158
2189
2160
2191
2162
2164
2166
2168
2170
2172
2193
2174
2195
2176
2197
2178
2199
2180
2201
2182
2203
2184
2205
2186
2207
2188
2209
2190
2211
2192
2213
2194
2215
2196
2217
2198
2219
2200
2221
2202
2223
2204
2225
2206
2227
2208
2229
2210
2231
2212
2233
2214
2235
2216
2237
2218
2239
2241
2220
2243
2222
2245
2224
2247
2226
2249
2228
2251
2230
2253
2232
2255
2234
2257
2236
2259
2238
2261
2240
2263
2242
2265
2244
2267
2246
2269
2248
2271
2250
2273
2252
2275
2254
2277
2256
2279
2258
2281
2260
2283
2262
2285
2264
2287
2266
2289
2268
2291
2270
2293
2272
2295
2274
2297
2276
2299
2278
2301
2280
2303
2282
2305
2284
2307
2286
2309
2288
2311
2290
2313
2292
2315
2294
2317
2296
2319
2298
2321
2300
2323
2302
2325
2304
2327
2306
2329
2308
2331
2310
2333
2312
2335
2314
2337
2316
2339
2318
2341
2320
2343
2322
2345
2324
2347
2326
2349
2328
2351
2330
2353
2332
2355
2334
2357
2336
2359
2338
2361
2340
2363
2342
2365
2344
2367
2346
2369
2348
2371
2350
2373
2352
2375
2354
2377
2356
2379
2358
2381
2360
2383
2362
2385
2364
2387
2366
2389
2368
2391
2370
2393
2372
2395
2374
2397
2376
2399
2378
2401
2380
2403
2382
2405
2384
2407
2386
2409
2388
2411
2390
2413
2392
2415
2394
2417
2396
2419
2398
2421
2400
2423
2402
2425
2404
2427
2406
2429
2408
2431
2410
2433
2412
2435
2414
2437
2416
2439
2418
2420
2441
2422
2443
2424
2445
2426
2447
2428
2449
2430
2451
2432
2453
2434
2455
2436
2457
2438
2459
2440
2461
2442
2463
2444
2465
2446
2467
2448
2469
2450
2471
2452
2473
2454
2475
2477
2456
2479
2458
2481
2460
2483
2462
2485
2464
2487
2466
2489
2468
2470
2472
2474
2476
2491
2478
2493
2480
2495
2482
2497
2484
2499
2486
2501
2488
2503
2490
2505
2492
2507
2494
2509
2496
2511
2498
2513
2500
2502
2504
2515
2506
2517
2508
2519
2510
2521
2512
2523
2514
2525
2516
2527
2518
2529
2520
2531
2522
2533
2524
2535
2526
2537
2528
2539
2530
2541
2532
2543
2534
2545
2536
2547
2538
2549
2540
2551
2542
2553
2544
2555
2546
2557
2548
2559
2550
2561
2552
2563
2554
2565
2556
2567
2558
2569
2560
2571
2562
2573
2564
2575
2566
2577
2568
2579
2570
2581
2572
2583
2574
2585
2576
2587
2578
2589
2580
2591
2582
2593
2584
2595
2586
2597
2588
2599
2590
2601
2592
2603
2594
2605
2596
2607
2598
2609
2600
2611
2602
2613
2604
2615
2606
2617
2608
2619
2610
2621
2612
2623
2614
2625
2616
2627
2618
2629
2620
2631
2622
2633
2624
2635
2626
2637
2628
2639
2630
2641
2632
2643
2634
2645
2636
2647
2638
2649
2640
2651
2642
2653
2644
2655
2646
2657
2648
2659
2650
2661
2652
2663
2654
2665
2656
2667
2658
2669
2660
2671
2662
2673
2664
2675
2666
2677
2668
2679
2670
2681
2672
2683
2674
2676
2678
2680
2682
2684
2686
2688
2690
2692
2694
2696
2698
2700
2702
2704
2706
2708
2710
2712
2714
2716
2718
2720
2722
2724
2726
2728
2730
2732
2734
2736
2738
2740
2742
2744
2746
2748
2750
2752
2754
2756
2758
2760
2762
2764
2766
2768
2770
2772
2774
2685
2776
2687
2778
2689
2780
2691
2782
2693
2784
2695
2786
2697
2788
2699
2790
2701
2792
2703
2794
2705
2796
2707
2798
2709
2800
2711
2802
2713
2804
2715
2717
2719
2806
2721
2808
2723
2810
2725
2812
2727
2814
2729
2816
2731
2818
2733
2820
2735
2822
2737
2824
2739
2826
2741
2828
2743
2830
2745
2832
2747
2834
2749
2836
2751
2838
2753
2840
2755
2842
2757
2844
2759
2846
2761
2848
2763
2850
2765
2852
2767
2854
2769
2856
2771
2858
2773
2860
2775
2862
2777
2864
2779
2866
2781
2868
2783
2870
2785
2872
2787
2874
2789
2876
2791
2878
2793
2880
2795
2882
2797
2884
2799
2886
2801
2888
2803
2890
2805
2892
2807
2894
2809
2896
2811
2898
2813
2900
2815
2902
2817
2904
2819
2906
2821
2908
2823
2910
2825
2912
2827
2914
2829
2916
2831
2918
2833
2920
2835
2922
2837
2924
2839
2926
2841
2928
2843
2930
2845
2932
2847
2934
2849
2936
2851
2938
2853
2940
2855
2942
2857
2944
2859
2946
2861
2948
2863
2950
2865
2952
2867
2954
2869
2956
2871
2958
2873
2960
2875
2962
2877
2964
2879
2966
2881
2968
2883
2970
2885
2972
2887
2974
2889
2976
2891
2978
2893
2980
2895
2982
2897
2984
2899
2986
2901
2988
2903
2990
2905
2992
2907
2994
2909
2996
2911
2998
2913
3000
3002
2915
3004
3006
3008
3010
3012
3014
3016
3018
3020
3022
3024
3026
3028
3030
3032
3034
2917
3036
2919
3038
2921
3040
2923
3042
2925
3044
2927
3046
2929
3048
2931
3050
2933
3052
2935
3054
2937
3056
2939
3058
2941
3060
2943
3062
2945
3064
2947
3066
2949
3068
2951
3070
2953
3072
2955
3074
2957
3076
2959
3078
2961
3080
2963
3082
2965
3084
2967
2969
3086
2971
3088
2973
3090
2975
3092
2977
3094
2979
3096
2981
3098
2983
3100
2985
3102
2987
3104
2989
3106
2991
3108
2993
3110
2995
3112
2997
3114
2999
3116
3001
3118
3003
3120
3005
3122
3007
3124
3009
3126
3011
3128
3013
3130
3132
3015
3134
3017
3136
3019
3138
3021
3140
3023
3142
3025
3144
3027
3146
3029
3148
3031
3150
3033
3152
3035
3154
3156
3158
3160
3162
3164
3037
3039
3166
3041
3168
3043
3170
3045
3172
3047
3174
3049
3176
3051
3178
3053
3180
3055
3182
3057
3184
3059
3186
3061
3188
3063
3190
3065
3192
3067
3194
3069
3196
3071
3198
3073
3200
3075
3202
3077
3204
3079
3206
3081
3208
3083
3210
3085
3212
3087
3214
3089
3216
3218
3220
3091
3222
3093
3224
3095
3226
3097
3228
3099
3230
3101
3232
3103
3234
3105
3236
3107
3238
3109
3240
3111
3242
3113
3244
3115
3246
3117
3248
3119
3250
3121
3252
3123
3254
3125
3256
3127
3258
3129
3260
3131
3262
3133
3264
3135
3266
3137
3268
3139
3270
3272
3274
3276
3278
3280
3282
3141
3284
3143
3286
3145
3288
3147
3290
3149
3292
3151
3294
3153
3296
3155
3298
3157
3300
3159
3302
3161
3304
3163
3306
3165
3308
3167
3310
3169
3312
3171
3314
3173
3316
3175
3318
3177
3320
3179
3322
3181
3324
3183
3326
3185
3328
3187
3330
3189
3332
3191
3334
3193
3336
3338
3340
3342
3195
3344
3197
3346
3199
3348
3201
3350
3203
3352
3205
3354
3207
3356
3209
3358
3211
3360
3213
3362
3215
3364
3217
3366
3219
3368
3221
3370
3223
3372
3225
3374
3227
3376
3229
3378
3231
3380
3233
3382
3235
3384
3237
3386
3239
3388
3241
3390
3243
3392
3245
3394
3247
3396
3249
3398
3251
3400
3253
3402
3255
3404
3257
3406
3259
3408
3261
3410
3263
3412
3265
3414
3267
3416
3269
3418
3271
3420
3273
3422
3275
3424
3277
3426
3279
3428
3281
3430
3283
3432
3285
3434
3287
3289
3436
3291
3438
3293
3440
3295
3442
3297
3444
3299
3446
3301
3448
3303
3450
3305
3452
3307
3454
3309
3456
3311
3458
3313
3460
3315
3462
3317
3464
3319
3466
3321
3468
3323
3470
3325
3472
3327
3474
3329
3476
3331
3478
3333
3480
3335
3482
3337
3484
3339
3486
3341
3488
3343
3490
3345
3492
3347
3494
3349
3496
3351
3498
3353
3500
3355
3502
3357
3504
3359
3506
3361
3508
3363
3510
3365
3512
3367
3514
3369
3516
3371
3518
3373
3520
3375
3522
3377
3524
3379
3526
3381
3528
3383
3530
3385
3532
3387
3534
3389
3536
3391
3538
3393
3540
3395
3542
3397
3544
3399
3546
3401
3548
3403
3550
3405
3552
3407
3554
3409
3556
3411
3558
3413
3560
3415
3562
3417
3564
3419
3566
3421
3568
3423
3570
3425
3572
3427
3574
3429
3576
3431
3578
3433
3580
3435
3582
3437
3584
3439
3586
3441
3588
3443
3590
3445
3592
3447
3594
3449
3596
3451
3598
3453
3600
3455
3602
3457
3604
3459
3606
3461
3608
3463
3610
3465
3612
3467
3614
3469
3616
3471
3618
3473
3620
3475
3622
3477
3624
3479
3626
3481
3628
3483
3630
3485
3632
3487
3634
3489
3636
3491
3638
3493
3640
3495
3642
3497
3644
3499
3646
3501
3648
3503
3650
3505
3652
3507
3654
3509
3656
3511
3658
3513
3660
3515
3662
3517
3664
3519
3666
3521
3668
3523
3670
3525
3672
3527
3529
3674
3531
3676
3533
3678
3535
3680
3537
3682
3539
3684
3541
3686
3543
3688
3545
3690
3547
3692
3549
3694
3551
3696
3553
3698
3555
3700
3557
3702
3559
3704
3561
3706
3563
3708
3565
3710
3567
3712
3569
3714
3571
3716
3573
3718
3575
3720
3577
3722
3579
3724
3581
3726
3583
3728
3585
3730
3587
3732
3589
3734
3591
3736
3593
3738
3595
3740
3597
3742
3599
3744
3601
3746
3603
3748
3605
3750
3607
3752
3609
3754
3611
3756
3613
3758
3615
3760
3617
3762
3619
3764
3621
3766
3623
3768
3625
3770
3627
3772
3629
3774
3631
3776
3633
3778
3635
3780
3637
3782
3639
3784
3641
3786
3643
3788
3645
3790
3647
3792
3649
3794
3651
3796
3653
3798
3655
3800
3657
3802
3659
3804
3661
3806
3663
3808
3665
3810
3667
3812
3669
3814
3671
3816
3673
3818
3675
3820
3677
3822
3679
3824
3681
3826
3683
3828
3685
3687
3830
3689
3832
3691
3834
3693
3836
3695
3838
3697
3840
3699
3842
3701
3844
3703
3846
3705
3848
3707
3850
3709
3852
3711
3854
3856
3858
3860
3862
3864
3866
3868
3870
3872
3874
3876
3878
3880
3882
3884
3886
3888
3890
3892
3894
3896
3898
3713
3900
3715
3902
3717
3904
3719
3906
3721
3908
3723
3910
3725
3912
3727
3914
3729
3916
3731
3918
3733
3920
3735
3922
3737
3924
3739
3926
3741
3928
3743
3930
3745
3932
3747
3934
3749
3936
3751
3938
3753
3940
3755
3942
3757
3944
3759
3946
3761
3948
3763
3950
3765
3952
3767
3954
3769
3956
3771
3958
3773
3960
3775
3962
3777
3964
3779
3966
3781
3968
3783
3970
3785
3972
3787
3974
3789
3976
3791
3978
3793
3980
3795
3982
3797
3984
3799
3986
3801
3988
3803
3990
3805
3992
3807
3994
3809
3996
3811
3998
3813
4000
3815
4002
3817
4004
3819
4006
3821
4008
3823
4010
3825
4012
3827
4014
3829
4016
3831
4018
3833
4020
3835
4022
3837
4024
3839
4026
3841
4028
3843
4030
3845
4032
3847
4034
3849
4036
3851
4038
3853
4040
3855
4042
3857
4044
3859
4046
3861
4048
3863
4050
3865
4052
3867
4054
3869
4056
3871
4058
3873
4060
3875
4062
3877
4064
3879
4066
3881
4068
3883
4070
3885
4072
3887
4074
3889
4076
3891
4078
3893
4080
3895
4082
3897
4084
3899
4086
3901
4088
3903
4090
3905
4092
3907
4094
3909
4096
3911
4098
3913
4100
3915
4102
3917
4104
3919
4106
3921
4108
3923
4110
3925
4112
3927
4114
3929
4116
3931
4118
3933
4120
3935
4122
3937
4124
3939
4126
3941
4128
3943
4130
3945
4132
3947
4134
3949
4136
4138
4140
4142
3951
4144
3953
4146
3955
4148
3957
4150
3959
4152
3961
4154
3963
4156
3965
4158
3967
4160
3969
4162
3971
4164
3973
4166
3975
4168
3977
4170
3979
4172
3981
4174
3983
4176
3985
4178
3987
4180
3989
4182
3991
4184
3993
4186
3995
4188
3997
4190
3999
4192
4001
4194
4003
4196
4005
4007
4009
4198
4011
4200
4013
4202
4015
4204
4017
4206
4019
4208
4021
4210
4023
4212
4025
4214
4027
4216
4029
4218
4031
4220
4033
4222
4035
4224
4037
4226
4039
4228
4041
4230
4043
4232
4045
4234
4047
4236
4049
4238
4051
4240
4053
4242
4055
4244
4057
4246
4248
4250
4059
4252
4061
4254
4063
4256
4065
4258
4067
4260
4069
4262
4071
4264
4073
4266
4075
4077
4268
4079
4270
4081
4272
4083
4274
4085
4276
4087
4278
4089
4280
4091
4282
4093
4284
4095
4286
4097
4288
4099
4290
4101
4292
4103
4294
4105
4296
4107
4298
4109
4300
4111
4302
4113
4304
4115
4306
4117
4308
4119
4310
4121
4312
4123
4314
4125
4316
4127
4318
4129
4320
4131
4322
4133
4324
4135
4326
4137
4139
4141
4143
4145
4147
4328
4149
4330
4151
4332
4153
4334
4155
4336
4157
4338
4159
4340
4161
4342
4163
4344
4165
4346
4167
4348
4169
4350
4171
4352
4173
4354
4175
4356
4177
4358
4179
4360
4181
4362
4183
4364
4185
4366
4187
4368
4189
4370
4191
4372
4193
4374
4195
4376
4197
4378
4199
4380
4201
4382
4203
4384
4205
4386
4207
4388
4209
4390
4211
4392
4213
4394
4215
4396
4217
4398
4219
4400
4221
4402
4223
4404
4225
4406
4227
4408
4229
4410
4231
4412
4233
4414
4235
4416
4237
4418
4239
4420
4241
4422
4243
4424
4245
4426
4247
4428
4249
4430
4251
4432
4253
4434
4255
4436
4257
4438
4259
4440
4261
4442
4263
4444
4265
4446
4267
4448
4269
4450
4271
4452
4273
4454
4275
4456
4277
4458
4279
4460
4281
4462
4283
4464
4285
4466
4287
4468
4289
4470
4291
4472
4293
4474
4295
4476
4297
4478
4299
4480
4301
4482
4303
4484
4305
4486
4307
4488
4309
4490
4311
4492
4313
4494
4315
4496
4317
4319
4321
4323
4498
4325
4500
4327
4502
4329
4504
4331
4506
4333
4508
4335
4510
4337
4512
4339
4514
4341
4516
4343
4518
4345
4520
4347
4522
4349
4524
4351
4526
4353
4528
4355
4530
4357
4532
4359
4534
4361
4536
4363
4538
4365
4540
4367
4542
4369
4544
4371
4546
4373
4548
4375
4550
4377
4552
4379
4554
4381
4556
4383
4558
4385
4560
4387
4562
4389
4564
4391
4566
4393
4568
4395
4570
4397
4572
4399
4574
4401
4576
4403
4578
4405
4580
4407
4582
4409
4584
4411
4586
4413
4588
4415
4590
4417
4592
4419
4594
4421
4596
4423
4598
4425
4600
4427
4602
4429
4604
4431
4606
4433
4608
4435
4610
4437
4612
4439
4614
4441
4616
4443
4618
4445
4620
4447
4622
4449
4624
4451
4626
4453
4628
4455
4630
4457
4632
4459
4634
4461
4636
4463
4638
4465
4640
4467
4642
4469
4644
4471
4646
4473
4648
4475
4650
4477
4652
4479
4654
4481
4656
4483
4658
4485
4660
4487
4662
4489
4664
4491
4666
4493
4668
4495
4670
4497
4672
4499
4674
4501
4676
4503
4678
4505
4680
4507
4682
4509
4684
4511
4686
4513
4688
4515
4690
4517
4692
4519
4694
4521
4696
4523
4698
4525
4700
4527
4702
4529
4704
4531
4706
4533
4708
4535
4710
4537
4712
4539
4714
4541
4716
4543
4718
4545
4720
4547
4722
4549
4724
4551
4726
4553
4728
4555
4730
4557
4732
4559
4734
4561
4736
4563
4738
4565
4740
4567
4742
4569
4744
4571
4746
4573
4748
4575
4750
4577
4752
4579
4754
4581
4756
4583
4758
4585
4760
4587
4762
4589
4764
4591
4766
4593
4768
4595
4770
4597
4772
4599
4774
4601
4776
4603
4778
4605
4780
4607
4782
4609
4784
4611
4786
4613
4788
4615
4790
4617
4792
4619
4794
4621
4796
4623
4798
4625
4800
4627
4802
4629
4804
4631
4806
4633
4808
4635
4810
4637
4812
4639
4814
4641
4816
4643
4818
4645
4820
4647
4822
4649
4824
4651
4826
4653
4828
4655
4830
4657
4832
4659
4834
4661
4836
4663
4838
4665
4840
4667
4842
4669
4844
4671
4846
4673
4848
4675
4850
4677
4852
4679
4854
4681
4856
4683
4858
4685
4860
4687
4862
4689
4864
4691
4693
4866
4695
4868
4697
4870
4699
4872
4701
4874
4703
4876
4705
4878
4707
4880
4709
4882
4711
4884
4713
4886
4715
4888
4717
4890
4719
4892
4721
4894
4723
4896
4725
4898
4727
4900
4729
4902
4731
4904
4733
4906
4735
4908
4737
4910
4739
4912
4741
4914
4743
4916
4745
4918
4747
4920
4749
4922
4751
4924
4753
4926
4755
4928
4757
4930
4759
4932
4761
4934
4763
4936
4765
4938
4767
4940
4769
4942
4771
4944
4773
4946
4775
4948
4777
4950
4779
4952
4781
4954
4783
4956
4785
4958
4787
4960
4789
4962
4791
4964
4793
4966
4795
4968
4797
4970
4972
4974
4799
4976
4801
4978
4803
4980
4805
4982
4807
4984
4809
4986
4811
4988
4813
4990
4815
4992
4817
4994
4819
4996
4821
4998
4823
5000
4825
5002
4827
5004
4829
5006
4831
5008
4833
5010
4835
5012
4837
5014
4839
5016
4841
5018
4843
5020
4845
5022
4847
5024
4849
5026
4851
5028
4853
5030
4855
5032
4857
5034
4859
5036
4861
5038
4863
5040
4865
5042
4867
5044
4869
5046
4871
5048
4873
5050
4875
5052
4877
5054
4879
5056
4881
5058
4883
5060
4885
5062
4887
5064
4889
5066
4891
5068
4893
5070
4895
5072
4897
5074
4899
5076
4901
5078
4903
5080
4905
5082
4907
5084
4909
5086
4911
5088
4913
5090
4915
5092
4917
5094
4919
5096
4921
5098
4923
5100
4925
5102
4927
5104
4929
5106
4931
5108
4933
5110
4935
5112
4937
5114
4939
5116
4941
5118
4943
5120
4945
5122
4947
5124
4949
5126
4951
5128
4953
5130
4955
5132
4957
5134
4959
5136
4961
5138
4963
5140
4965
5142
4967
5144
4969
5146
4971
5148
4973
5150
4975
5152
4977
5154
4979
5156
4981
5158
4983
5160
4985
5162
4987
5164
4989
5166
4991
5168
4993
5170
4995
5172
4997
5174
4999
5176
5001
5178
5003
5180
5005
5182
5007
5184
5009
5186
5011
5188
5013
5190
5015
5192
5017
5194
5019
5196
5021
5198
5023
5200
5025
5202
5027
5204
5029
5206
5031
5208
5033
5210
5035
5212
5037
5214
5039
5216
5041
5218
5043
5220
5045
5222
5047
5224
5049
5226
5051
5228
5053
5230
5055
5232
5057
5234
5059
5236
5061
5238
5063
5240
5065
5242
5067
5244
5069
5246
5071
5248
5073
5250
5075
5252
5077
5254
5079
5256
5081
5258
5083
5260
5085
5262
5087
5264
5089
5266
5091
5268
5093
5270
5095
5272
5097
5274
5099
5276
5101
5278
5103
5280
5105
5282
5107
5284
5109
5286
5111
5288
5113
5290
5115
5292
5117
5294
5119
5296
5121
5298
5123
5300
5125
5302
5127
5304
5129
5306
5131
5308
5133
5310
5135
5312
5137
5314
5139
5316
5141
5318
5143
5320
5145
5322
5147
5324
5149
5326
5151
5328
5153
5330
5155
5332
5157
5334
5159
5336
5161
5338
5163
5340
5165
5342
5167
5344
5169
5346
5171
5348
5173
5350
5175
5352
5177
5354
5179
5356
5181
5358
5183
5360
5185
5362
5187
5364
5189
5366
5191
5368
5193
5370
5195
5372
5197
5374
5199
5376
5201
5378
5203
5380
5205
5382
5207
5384
5209
5386
5211
5388
5213
5390
5215
5392
5217
5394
5219
5396
5221
5398
5223
5400
5225
5402
5227
5404
5229
5406
5231
5408
5233
5410
5235
5412
5237
5414
5239
5416
5241
5418
5243
5420
5245
5422
5247
5424
5249
5426
5251
5428
5253
5430
5255
5432
5257
5434
5259
5436
5261
5438
5263
5440
5265
5442
5267
5444
5269
5446
5271
5448
5273
5450
5275
5452
5277
5454
5279
5456
5281
5283
5285
5287
5289
5291
5293
5295
5297
5458
5299
5460
5301
5462
5303
5464
5305
5466
5307
5468
5309
5470
5311
5472
5313
5474
5315
5476
5317
5478
5319
5480
5321
5482
5323
5484
5325
5486
5327
5488
5329
5490
5331
5492
5333
5494
5335
5496
5337
5339
5341
5498
5343
5500
5345
5502
5347
5504
5349
5506
5351
5508
5353
5510
5355
5512
5357
5514
5359
5516
5361
5518
5363
5520
5365
5522
5367
5524
5369
5526
5371
5528
5373
5530
5375
5532
5377
5534
5379
5536
5381
5538
5383
5540
5385
5542
5387
5544
5389
5546
5391
5548
5393
5550
5395
5552
5397
5554
5399
5556
5401
5558
5403
5560
5405
5562
5407
5564
5409
5566
5411
5568
5413
5570
5415
5572
5417
5574
5419
5576
5421
5578
5423
5580
5425
5582
5427
5584
5429
5586
5431
5588
5433
5590
5435
5592
5437
5594
5439
5596
5441
5598
5443
5600
5445
5602
5447
5604
5606
5449
5608
5451
5610
5453
5612
5614
5455
5616
5457
5618
5459
5620
5461
5622
5463
5624
5465
5626
5467
5628
5469
5630
5471
5632
5473
5634
5475
5636
5477
5638
5479
5640
5481
5642
5483
5644
5485
5646
5487
5648
5489
5650
5491
5652
5493
5654
5495
5656
5497
5658
5499
5660
5501
5662
5503
5664
5505
5666
5507
5668
5509
5670
5511
5672
5513
5674
5515
5676
5517
5678
5519
5680
5521
5682
5523
5684
5525
5686
5527
5688
5529
5690
5531
5692
5533
5694
5535
5696
5537
5698
5539
5700
5541
5702
5543
5704
5545
5706
5547
5708
5549
5710
5551
5712
5553
5714
5555
5716
5557
5718
5559
5720
5561
5722
5563
5724
5565
5726
5567
5728
5569
5730
5571
5732
5573
5734
5575
5736
5577
5738
5579
5740
5581
5742
5583
5744
5585
5746
5587
5748
5589
5750
5591
5752
5593
5754
5595
5756
5597
5758
5599
5760
5601
5762
5603
5764
5605
5766
5607
5768
5609
5770
5611
5772
5613
5774
5615
5776
5617
5778
5619
5780
5621
5782
5623
5784
5625
5786
5627
5788
5629
5790
5631
5792
5633
5794
5635
5796
5637
5798
5639
5800
5641
5802
5643
5804
5645
5806
5647
5808
5649
5810
5651
5812
5653
5814
5655
5816
5657
5818
5659
5820
5661
5822
5663
5824
5665
5826
5667
5828
5669
5830
5671
5832
5673
5834
5675
5836
5677
5838
5679
5681
5683
5685
5687
5689
5691
5693
5695
5697
5699
5840
5701
5842
5703
5844
5705
5846
5707
5848
5709
5850
5711
5852
5713
5854
5715
5856
5717
5858
5719
5860
5721
5862
5723
5864
5725
5866
5727
5868
5729
5870
5731
5872
5733
5874
5735
5876
5737
5878
5739
5880
5741
5882
5743
5884
5745
5886
5747
5888
5749
5890
5751
5892
5753
5894
5755
5896
5757
5898
5759
5900
5761
5902
5763
5904
5765
5906
5767
5908
5769
5910
5771
5912
5773
5914
5775
5916
5777
5918
5779
5920
5781
5922
5783
5924
5785
5926
5787
5928
5789
5930
5791
5932
5793
5934
5795
5936
5797
5938
5799
5940
5801
5942
5803
5944
5805
5946
5807
5948
5809
5950
5811
5952
5813
5954
5815
5956
5817
5958
5819
5960
5821
5962
5823
5964
5825
5966
5827
5968
5829
5970
5831
5972
5833
5974
5835
5976
5837
5978
5839
5980
5841
5982
5843
5984
5845
5986
5847
5988
5849
5990
5851
5992
5853
5994
5855
5996
5857
5998
5859
6000
5861
6002
5863
6004
5865
6006
5867
6008
5869
6010
5871
6012
5873
6014
5875
6016
5877
6018
5879
6020
5881
6022
5883
6024
5885
6026
5887
6028
5889
6030
5891
6032
5893
6034
5895
6036
5897
6038
5899
6040
5901
6042
5903
6044
5905
6046
5907
6048
5909
6050
5911
6052
5913
6054
5915
6056
5917
6058
5919
6060
5921
6062
5923
6064
5925
6066
5927
6068
5929
6070
5931
6072
5933
6074
5935
6076
5937
6078
5939
6080
5941
6082
5943
6084
5945
6086
5947
6088
5949
6090
5951
6092
5953
6094
5955
6096
5957
6098
5959
6100
5961
6102
5963
6104
5965
6106
5967
6108
5969
6110
5971
6112
5973
6114
5975
6116
5977
6118
5979
6120
5981
6122
5983
6124
5985
6126
5987
6128
5989
6130
5991
6132
5993
6134
5995
6136
5997
6138
5999
6140
6001
6142
6003
6144
6005
6146
6007
6148
6009
6150
6011
6152
6013
6154
6015
6156
6017
6158
6019
6160
6021
6162
6023
6164
6025
6166
6027
6168
6029
6170
6031
6172
6033
6174
6035
6176
6037
6178
6039
6180
6041
6182
6043
6184
6045
6186
6047
6188
6049
6190
6051
6192
6053
6194
6055
6196
6057
6198
6059
6200
6061
6202
6063
6204
6065
6206
6067
6208
6069
6210
6071
6212
6073
6214
6075
6216
6077
6218
6079
6220
6081
6222
6083
6224
6085
6226
6087
6228
6089
6230
6091
6232
6093
6234
6095
6236
6097
6238
6099
6240
6101
6242
6103
6244
6105
6246
6107
6248
6109
6250
6111
6252
6113
6254
6115
6256
6117
6258
6119
6260
6121
6262
6123
6264
6125
6266
6127
6268
6129
6270
6131
6272
6133
6274
6135
6276
6137
6278
6139
6280
6141
6282
6143
6284
6145
6286
6147
6288
6149
6290
6151
6292
6153
6294
6155
6296
6157
6298
6300
6159
6302
6161
6304
6163
6306
6165
6167
6308
6169
6310
6171
6312
6173
6314
6175
6316
6177
6318
6179
6320
6181
6322
6183
6324
6185
6326
6187
6328
6189
6330
6191
6332
6193
6334
6195
6336
6197
6338
6199
6340
6201
6342
6203
6344
6205
6346
6207
6348
6209
6350
6211
6352
6213
6354
6215
6356
6217
6358
6219
6360
6221
6362
6223
6364
6225
6366
6227
6368
6229
6370
6231
6372
6233
6374
6235
6376
6237
6378
6239
6380
6241
6382
6243
6384
6245
6386
6247
6388
6249
6390
6251
6392
6253
6394
6255
6396
6257
6398
6259
6400
6261
6402
6263
6404
6265
6406
6267
6408
6269
6410
6271
6412
6273
6414
6275
6416
6277
6279
6281
6283
6285
6287
6289
6291
6293
6295
6297
6299
6418
6301
6420
6303
6422
6305
6424
6307
6426
6309
6428
6311
6430
6313
6432
6315
6434
6317
6436
6319
6438
6321
6440
6323
6442
6325
6444
6327
6446
6329
6448
6331
6450
6333
6452
6335
6337
6339
6341
6343
6345
6347
6349
6351
6353
6355
6357
6359
6361
6363
6365
6367
6369
6371
6373
6375
6377
6379
6381
6383
6385
6387
6389
6391
6393
6395
6397
6399
6401
6403
6405
6407
6409
6411
6413
6415
6417
6419
6421
6423
6425
6427
6429
6431
6433
6435
6437
6439
6441
6443
6445
6447
6454
6449
6456
6451
6458
6453
6460
6462
6455
6464
6457
6466
6459
6468
6461
6470
6463
6472
6465
6474
6467
6476
6469
6478
6471
6480
6482
6484
6486
6473
6488
6475
6477
6490
6479
6492
6481
6494
6483
6496
6485
6498
6487
6500
6489
6502
6491
6504
6493
6506
6495
6508
6497
6510
6499
6512
6501
6514
6503
6516
6505
6518
6507
6520
6509
6522
6511
6524
6513
6526
6515
6528
6517
6530
6519
6532
6521
6523
6534
6525
6536
6527
6538
6529
6540
6531
6542
6533
6544
6535
6546
6537
6548
6539
6550
6541
6552
6543
6554
6545
6556
6547
6558
6549
6560
6551
6562
6553
6564
6555
6566
6557
6568
6570
6572
6574
6576
6578
6559
6580
6561
6582
6563
6584
6565
6586
6567
6588
6569
6590
6571
6592
6573
6594
6575
6596
6577
6598
6579
6600
6581
6602
6583
6604
6585
6606
6587
6608
6589
6610
6591
6612
6593
6614
6595
6616
6597
6618
6599
6620
6601
6622
6603
6624
6605
6626
6607
6628
6609
6630
6611
6632
6613
6634
6615
6636
6617
6638
6619
6640
6621
6642
6623
6644
6625
6646
6627
6648
6629
6650
6631
6652
6633
6654
6635
6656
6637
6658
6639
6660
6641
6662
6643
6664
6645
6666
6647
6668
6649
6670
6651
6672
6653
6674
6655
6676
6657
6678
6659
6680
6661
6682
6663
6684
6665
6686
6667
6688
6669
6690
6671
6692
6673
6694
6675
6696
6677
6698
6679
6700
6681
6702
6683
6704
6685
6706
6687
6708
6689
6710
6691
6712
6693
6714
6695
6716
6697
6718
6699
6720
6701
6722
6703
6724
6705
6726
6707
6728
6709
6730
6711
6732
6713
6734
6715
6736
6717
6738
6719
6740
6721
6742
6723
6744
6725
6746
6727
6748
6729
6750
6731
6752
6733
6754
6735
6756
6737
6758
6739
6760
6741
6762
6743
6764
6745
6766
6747
6768
6749
6770
6751
6772
6753
6774
6755
6776
6757
6778
6759
6780
6761
6782
6763
6784
6765
6786
6767
6788
6769
6790
6771
6792
6773
6794
6775
6796
6777
6798
6779
6800
6781
6802
6783
6804
6785
6806
6787
6808
6789
6810
6791
6812
6793
6814
6795
6816
6797
6818
6799
6820
6801
6822
6803
6824
6805
6826
6807
6828
6809
6830
6811
6832
6813
6834
6815
6836
6817
6838
6819
6840
6821
6842
6823
6844
6825
6846
6827
6848
6829
6850
6831
6852
6833
6854
6835
6856
6837
6858
6839
6860
6841
6862
6843
6864
6845
6866
6847
6868
6849
6870
6851
6872
6853
6874
6855
6876
6857
6878
6859
6880
6861
6882
6863
6884
6865
6886
6867
6888
6869
6890
6871
6892
6873
6894
6875
6896
6877
6898
6879
6900
6881
6902
6883
6904
6885
6906
6887
6908
6889
6910
6912
6891
6914
6893
6916
6895
6918
6897
6920
6899
6922
6901
6924
6903
6926
6905
6928
6907
6930
6909
6932
6911
6934
6913
6936
6915
6938
6917
6940
6919
6942
6921
6944
6923
6946
6925
6948
6927
6950
6929
6952
6931
6954
6933
6956
6935
6958
6937
6960
6939
6962
6941
6964
6943
6966
6945
6968
6947
6970
6949
6972
6951
6974
6953
6976
6955
6978
6957
6980
6959
6982
6961
6984
6963
6986
6965
6988
6967
6990
6969
6992
6971
6994
6973
6996
6975
6998
6977
7000
6979
7002
6981
7004
6983
7006
6985
7008
6987
7010
6989
7012
6991
7014
6993
7016
6995
7018
6997
7020
6999
7022
7001
7024
7003
7026
7005
7028
7007
7009
7011
7013
7015
7017
7030
7019
7032
7021
7034
7023
7036
7025
7038
7027
7040
7029
7042
7031
7044
7033
7046
7035
7048
7037
7050
7039
7052
7041
7043
7054
7045
7056
7047
7058
7049
7060
7051
7062
7053
7064
7055
7066
7057
7068
7059
7070
7061
7072
7063
7074
7065
7076
7067
7078
7069
7080
7071
7082
7073
7084
7075
7086
7077
7088
7079
7090
7081
7092
7083
7094
7085
7096
7087
7098
7089
7100
7091
7102
7093
7104
7095
7106
7097
7108
7099
7110
7101
7112
7103
7114
7105
7116
7107
7118
7109
7120
7111
7122
7113
7124
7115
7126
7117
7128
7119
7130
7121
7132
7123
7134
7125
7136
7127
7138
7129
7140
7131
7142
7133
7144
7135
7146
7137
7148
7139
7150
7141
7152
7143
7154
7145
7156
7147
7158
7149
7160
7151
7162
7153
7164
7155
7166
7157
7168
7159
7170
7161
7172
7163
7174
7165
7176
7167
7178
7169
7180
7182
7171
7184
7186
7188
7173
7190
7175
7192
7177
7194
7179
7196
7181
7198
7183
7200
7185
7202
7187
7204
7189
7206
7191
7208
7193
7210
7195
7212
7197
7214
7199
7216
7201
7218
7203
7220
7205
7222
7207
7224
7209
7226
7211
7228
7213
7230
7215
7232
7217
7234
7219
7236
7221
7238
7223
7240
7225
7242
7227
7244
7229
7246
7231
7248
7233
7250
7235
7252
7237
7254
7239
7256
7241
7258
7243
7260
7245
7262
7247
7264
7249
7266
7251
7268
7253
7270
7255
7272
7257
7274
7259
7276
7261
7278
7263
7280
7265
7282
7267
7284
7269
7286
7271
7288
7273
7290
7275
7292
7277
7294
7279
7296
7281
7298
7283
7300
7285
7302
7287
7304
7289
7306
7291
7308
7293
7310
7295
7312
7297
7314
7299
7316
7301
7318
7303
7320
7305
7307
7322
7309
7324
7326
7311
7328
7313
7330
7315
7332
7317
7334
7319
7336
7321
7338
7323
7340
7325
7342
7327
7344
7329
7346
7331
7348
7333
7350
7335
7352
7337
7354
7339
7356
7341
7358
7343
7360
7345
7362
7347
7364
7349
7366
7351
7368
7353
7370
7355
7372
7357
7374
7359
7376
7361
7378
7363
7380
7365
7382
7367
7384
7369
7386
7371
7388
7373
7390
7375
7392
7377
7394
7379
7396
7381
7398
7383
7400
7385
7402
7387
7404
7389
7406
7391
7408
7393
7410
7395
7412
7397
7414
7399
7416
7401
7418
7403
7420
7405
7422
7407
7424
7409
7426
7411
7428
7413
7430
7415
7432
7417
7434
7419
7436
7421
7438
7423
7440
7425
7442
7427
7444
7429
7446
7431
7448
7433
7450
7435
7452
7437
7454
7439
7456
7441
7458
7443
7460
7445
7462
7447
7464
7449
7466
7451
7468
7453
7470
7455
7472
7457
7474
7459
7476
7461
7478
7463
7480
7465
7482
7467
7484
7469
7486
7471
7488
7473
7490
7475
7492
7477
7494
7479
7496
7481
7498
7483
7500
7485
7502
7487
7504
7489
7506
7491
7508
7493
7510
7495
7512
7497
7514
7499
7516
7501
7518
7503
7520
7505
7522
7507
7524
7509
7526
7511
7528
7513
7530
7515
7532
7517
7534
7519
7536
7521
7538
7523
7540
7525
7542
7527
7544
7529
7546
7531
7548
7533
7550
7535
7552
7537
7554
7539
7556
7541
7558
7543
7560
7545
7562
7564
7547
7566
7549
7568
7551
7570
7553
7572
7555
7574
7557
7576
7559
7578
7561
7580
7563
7582
7565
7584
7567
7586
7569
7588
7571
7590
7573
7592
7575
7594
7577
7596
7579
7598
7581
7600
7583
7602
7585
7604
7587
7606
7589
7608
7591
7610
7593
7612
7595
7614
7597
7616
7618
7620
7622
7624
7599
7626
7601
7628
7603
7605
7630
7607
7632
7609
7634
7636
7638
7611
7640
7613
7642
7615
7644
7617
7646
7619
7648
7621
7623
7625
7627
7650
7629
7652
7631
7654
7633
7656
7635
7658
7637
7660
7639
7662
7641
7664
7643
7666
7645
7668
7647
7670
7649
7672
7651
7674
7653
7676
7655
7678
7657
7680
7659
7682
7661
7684
7663
7686
7665
7688
7667
7690
7669
7692
7671
7694
7673
7696
7675
7698
7677
7700
7679
7702
7681
7704
7683
7706
7685
7708
7687
7710
7712
7689
7714
7691
7716
7693
7718
7695
7720
7697
7722
7699
7724
7701
7726
7703
7728
7730
7705
7732
7707
7734
7709
7736
7711
7738
7713
7740
7715
7742
7717
7744
7719
7746
7721
7748
7723
7750
7725
7752
7727
7754
7729
7756
7731
7758
7733
7760
7735
7762
7737
7764
7739
7766
7741
7768
7743
7770
7745
7772
7747
7774
7749
7776
7751
7778
7753
7780
7755
7782
7757
7784
7759
7786
7761
7788
7763
7790
7765
7792
7767
7794
7769
7796
7771
7798
7773
7800
7775
7802
7777
7804
7779
7806
7781
7808
7783
7810
7785
7812
7787
7814
7789
7816
7791
7818
7793
7820
7795
7822
7797
7824
7799
7826
7801
7828
7803
7830
7805
7832
7807
7834
7809
7836
7811
7838
7813
7840
7815
7842
7817
7844
7819
7846
7821
7848
7823
7850
7825
7852
7827
7854
7829
7856
7831
7858
7833
7860
7835
7862
7837
7864
7839
7866
7841
7868
7843
7870
7845
7872
7847
7874
7849
7876
7851
7878
7853
7880
7855
7882
7857
7884
7859
7886
7861
7888
7863
7890
7865
7892
7867
7894
7869
7896
7871
7898
7873
7900
7875
7902
7877
7904
7906
7908
7879
7910
7881
7912
7883
7914
7885
7916
7887
7918
7889
7920
7891
7922
7893
7924
7895
7926
7897
7928
7899
7930
7901
7932
7903
7934
7905
7936
7907
7938
7909
7940
7911
7942
7913
7944
7915
7946
7917
7948
7919
7950
7921
7923
7952
7925
7954
7927
7956
7929
7958
7931
7960
7933
7962
7935
7964
7937
7966
7939
7968
7941
7970
7943
7972
7945
7974
7947
7976
7949
7978
7951
7980
7953
7982
7955
7984
7957
7986
7959
7988
7961
7990
7963
7992
7965
7994
7967
7996
7969
7998
7971
8000
7973
8002
7975
8004
7977
8006
7979
8008
7981
8010
7983
8012
7985
8014
7987
8016
7989
8018
7991
8020
7993
8022
7995
8024
7997
8026
7999
8028
8001
8030
8003
8032
8005
8034
8007
8036
8009
8038
8011
8040
8013
8042
8015
8044
8017
8046
8019
8048
8021
8050
8023
8052
8025
8054
8027
8056
8029
8058
8031
8060
8033
8062
8035
8064
8037
8066
8039
8068
8041
8070
8043
8072
8045
8074
8047
8076
8049
8078
8051
8080
8053
8082
8055
8084
8057
8086
8059
8088
8061
8090
8063
8092
8065
8094
8067
8096
8069
8098
8071
8100
8073
8102
8075
8104
8077
8106
8079
8108
8081
8110
8083
8112
8085
8114
8087
8116
8089
8118
8091
8120
8093
8122
8095
8124
8097
8126
8099
8128
8101
8130
8103
8132
8105
8134
8107
8136
8109
8138
8111
8140
8113
8142
8115
8144
8117
8146
8119
8148
8121
8150
8123
8152
8125
8154
8127
8156
8129
8158
8131
8160
8133
8162
8135
8164
8137
8166
8139
8168
8141
8170
8143
8172
8145
8174
8147
8176
8149
8178
8151
8180
8153
8182
8155
8184
8157
8186
8159
8188
8161
8190
8163
8192
8165
8194
8167
8196
8169
8198
8171
8200
8173
8202
8175
8204
8177
8206
8179
8208
8181
8210
8183
8212
8185
8214
8187
8216
8189
8218
8191
8220
8193
8222
8195
8224
8197
8226
8199
8228
8201
8230
8203
8232
8205
8234
8207
8236
8209
8238
8211
8240
8213
8242
8215
8244
8217
8246
8219
8248
8221
8250
8223
8252
8225
8254
8227
8256
8229
8258
8231
8260
8233
8262
8235
8264
8237
8266
8239
8268
8241
8270
8243
8272
8245
8274
8247
8276
8249
8278
8251
8280
8253
8282
8255
8284
8257
8286
8259
8288
8261
8290
8263
8292
8265
8294
8267
8296
8269
8298
8271
8300
8273
8302
8275
8304
8277
8306
8279
8308
8281
8310
8283
8312
8285
8314
8287
8316
8289
8318
8291
8320
8293
8322
8295
8324
8297
8326
8299
8328
8301
8330
8303
8332
8305
8334
8307
8336
8309
8338
8311
8340
8313
8342
8315
8344
8317
8346
8319
8348
8321
8350
8323
8352
8325
8354
8327
8329
8331
8356
8333
8358
8335
8360
8337
8362
8339
8364
8341
8366
8343
8368
8345
8370
8347
8372
8349
8374
8351
8376
8353
8378
8355
8380
8357
8382
8359
8384
8361
8386
8363
8388
8365
8390
8392
8367
8394
8369
8396
8371
8398
8373
8400
8375
8402
8377
8404
8379
8406
8381
8408
8383
8410
8412
8385
8414
8387
8416
8389
8418
8391
8420
8393
8422
8395
8397
8424
8399
8426
8401
8428
8403
8430
8405
8432
8407
8434
8409
8436
8411
8438
8413
8440
8415
8442
8417
8444
8419
8446
8421
8448
8423
8450
8425
8452
8427
8454
8429
8456
8431
8458
8433
8460
8435
8462
8437
8439
8464
8441
8466
8443
8468
8445
8470
8472
8447
8474
8449
8476
8451
8478
8453
8480
8455
8482
8457
8484
8459
8486
8461
8488
8463
8490
8465
8492
8467
8494
8469
8496
8471
8498
8473
8500
8475
8502
8477
8504
8479
8506
8481
8508
8483
8510
8485
8512
8487
8514
8489
8516
8491
8518
8493
8520
8495
8522
8497
8524
8499
8526
8501
8528
8503
8530
8505
8532
8507
8534
8509
8536
8511
8538
8513
8540
8515
8542
8517
8544
8519
8546
8521
8548
8523
8550
8525
8552
8527
8554
8529
8556
8531
8558
8533
8560
8535
8562
8537
8564
8539
8566
8541
8568
8543
8570
8545
8572
8547
8574
8549
8576
8551
8578
8553
8580
8555
8582
8557
8584
8559
8586
8561
8588
8563
8590
8565
8592
8567
8594
8569
8596
8571
8598
8573
8600
8575
8602
8577
8604
8579
8606
8581
8608
8583
8585
8587
8610
8589
8612
8591
8614
8593
8616
8595
8618
8597
8620
8599
8622
8601
8624
8603
8626
8605
8628
8607
8630
8609
8632
8611
8634
8613
8636
8615
8638
8617
8640
8619
8642
8621
8644
8623
8646
8625
8648
8627
8650
8629
8652
8631
8633
8635
8637
8639
8641
8643
8645
8647
8649
8651
8653
8655
8657
8659
8661
8663
8665
8667
8669
8671
8673
8675
8677
8679
8681
8683
8685
8687
8689
8691
8693
8695
8697
8699
8701
8703
8705
8707
8709
8711
8713
8715
8717
8719
8721
8723
8725
8727
8729
8731
8733
8735
8737
8739
8741
8743
8745
8747
8654
8749
8656
8751
8658
8753
8660
8755
8662
8757
8664
8759
8666
8761
8668
8763
8670
8765
8672
8767
8674
8769
8676
8771
8678
8773
8775
8680
8777
8682
8779
8684
8781
8686
8688
8690
8692
8783
8694
8785
8696
8787
8698
8789
8700
8791
8702
8704
8706
8793
8708
8795
8710
8797
8712
8799
8714
8801
8803
8805
8716
8807
8718
8809
8720
8811
8722
8813
8724
8815
8726
8817
8728
8819
8730
8821
8732
8823
8734
8825
8736
8827
8738
8829
8740
8831
8742
8833
8744
8835
8746
8837
8748
8839
8750
8841
8752
8843
8754
8845
8756
8847
8758
8849
8760
8851
8762
8853
8764
8855
8766
8857
8768
8859
8770
8861
8772
8863
8774
8865
8776
8867
8778
8869
8780
8871
8782
8873
8784
8875
8786
8877
8788
8879
8790
8881
8792
8883
8794
8885
8796
8887
8798
8889
8800
8891
8802
8893
8804
8895
8806
8897
8808
8899
8810
8901
8812
8903
8814
8905
8816
8907
8818
8909
8820
8911
8822
8913
8824
8915
8826
8917
8828
8919
8830
8921
8832
8923
8834
8925
8836
8927
8838
8929
8840
8931
8842
8933
8844
8935
8846
8937
8848
8939
8850
8941
8852
8943
8854
8945
8856
8947
8858
8949
8860
8951
8862
8953
8864
8955
8866
8957
8868
8959
8870
8961
8872
8963
8874
8965
8876
8967
8878
8969
8880
8971
8882
8973
8884
8975
8886
8977
8888
8979
8890
8981
8892
8983
8894
8985
8896
8987
8898
8989
8900
8991
8902
8993
8904
8995
8906
8997
8908
8999
8910
9001
8912
9003
8914
9005
8916
9007
8918
9009
8920
9011
8922
9013
8924
9015
8926
9017
8928
9019
8930
9021
8932
9023
8934
9025
8936
9027
8938
9029
8940
9031
8942
9033
8944
9035
8946
9037
8948
9039
8950
9041
8952
9043
8954
9045
8956
9047
8958
9049
8960
9051
8962
9053
8964
9055
8966
9057
8968
9059
8970
9061
8972
9063
8974
9065
8976
9067
8978
9069
8980
9071
8982
9073
8984
9075
8986
9077
8988
9079
9081
9083
8990
9085
8992
9087
8994
9089
8996
9091
8998
9093
9000
9095
9002
9097
9004
9099
9006
9101
9008
9103
9010
9105
9012
9107
9014
9109
9016
9111
9018
9113
9020
9115
9022
9024
9026
9117
9028
9119
9030
9121
9032
9123
9034
9125
9036
9127
9038
9129
9040
9131
9042
9133
9044
9135
9046
9048
9050
9052
9054
9137
9139
9056
9141
9143
9145
9058
9147
9060
9149
9062
9151
9064
9153
9066
9155
9068
9157
9070
9159
9072
9161
9074
9163
9076
9165
9078
9167
9080
9169
9082
9171
9084
9173
9086
9175
9088
9177
9090
9179
9092
9181
9094
9183
9096
9185
9098
9187
9100
9189
9102
9191
9104
9193
9106
9195
9108
9197
9110
9199
9112
9201
9114
9116
9203
9118
9205
9120
9207
9122
9209
9124
9211
9126
9213
9128
9215
9130
9217
9132
9219
9134
9221
9136
9223
9138
9225
9140
9227
9142
9229
9144
9231
9146
9233
9148
9235
9150
9237
9152
9239
9154
9241
9156
9243
9158
9245
9160
9247
9162
9249
9164
9251
9166
9253
9168
9255
9170
9257
9172
9259
9174
9261
9176
9263
9178
9265
9180
9267
9182
9269
9184
9271
9186
9273
9188
9275
9190
9277
9192
9279
9194
9281
9196
9283
9198
9285
9200
9287
9202
9289
9204
9291
9206
9293
9208
9295
9210
9297
9212
9299
9214
9301
9216
9303
9218
9305
9220
9307
9222
9309
9224
9311
9226
9313
9228
9315
9230
9317
9232
9319
9234
9321
9236
9323
9238
9325
9240
9327
9242
9329
9244
9331
9246
9333
9248
9335
9250
9337
9252
9339
9254
9341
9256
9343
9258
9345
9260
9347
9262
9349
9264
9351
9266
9353
9268
9355
9270
9357
9272
9359
9274
9361
9276
9363
9278
9365
9280
9367
9282
9369
9284
9371
9286
9373
9288
9375
9290
9377
9292
9294
9296
9298
9300
9302
9304
9306
9308
9310
9312
9314
9316
9318
9320
9322
9324
9326
9328
9330
9379
9332
9381
9334
9383
9336
9385
9338
9387
9340
9389
9342
9391
9344
9393
9346
9395
9348
9397
9399
9401
9350
9403
9352
9405
9354
9407
9356
9409
9358
9411
9360
9413
9362
9415
9364
9417
9366
9419
9368
9421
9370
9423
9372
9425
9374
9427
9429
9376
9431
9378
9433
9380
9435
9382
9437
9384
9439
9386
9441
9388
9443
9390
9445
9392
9447
9449
9451
9394
9453
9396
9455
9398
9457
9400
9459
9402
9461
9404
9463
9406
9465
9408
9467
9410
9469
9412
9471
9414
9473
9416
9475
9418
9477
9420
9479
9422
9481
9424
9483
9426
9485
9428
9487
9430
9489
9432
9491
9434
9493
9436
9495
9438
9497
9440
9499
9442
9501
9503
9444
9505
9507
9446
9509
9448
9450
9511
9452
9513
9454
9515
9456
9517
9458
9519
9460
9521
9462
9523
9464
9525
9466
9527
9468
9529
9470
9531
9472
9533
9474
9535
9537
9539
9476
9541
9478
9543
9480
9545
9547
9482
9549
9484
9551
9486
9553
9488
9555
9490
9557
9492
9559
9494
9561
9496
9563
9498
9565
9500
9567
9502
9569
9504
9571
9506
9573
9508
9575
9510
9577
9512
9579
9514
9581
9516
9583
9518
9585
9520
9587
9522
9589
9524
9591
9526
9593
9528
9595
9530
9597
9532
9599
9534
9601
9536
9603
9538
9605
9540
9607
9542
9609
9544
9611
9546
9613
9548
9615
9550
9617
9552
9619
9554
9621
9556
9623
9558
9625
9560
9627
9562
9629
9564
9631
9566
9633
9568
9635
9570
9637
9572
9639
9574
9641
9576
9643
9645
9647
9649
9651
9578
9653
9580
9655
9582
9657
9584
9659
9586
9661
9588
9663
9590
9665
9592
9667
9594
9669
9596
9671
9598
9600
9673
9602
9675
9604
9677
9606
9679
9608
9681
9610
9683
9612
9685
9614
9687
9616
9689
9618
9691
9693
9620
9695
9622
9697
9624
9699
9626
9701
9628
9703
9630
9705
9632
9707
9634
9709
9636
9711
9638
9640
9713
9642
9715
9644
9646
9717
9648
9719
9650
9721
9652
9723
9654
9725
9656
9658
9727
9660
9729
9662
9731
9664
9733
9666
9735
9668
9737
9670
9739
9672
9741
9674
9743
9676
9745
9678
9747
9680
9749
9682
9751
9684
9753
9686
9755
9688
9757
9690
9759
9692
9761
9694
9763
9696
9765
9698
9767
9700
9769
9702
9771
9704
9773
9706
9775
9708
9777
9710
9779
9781
9712
9783
9714
9785
9716
9787
9718
9789
9720
9791
9722
9793
9724
9795
9726
9797
9728
9799
9730
9801
9732
9803
9734
9805
9736
9807
9738
9809
9740
9811
9742
9813
9744
9815
9746
9817
9748
9819
9750
9821
9752
9823
9754
9825
9756
9827
9758
9829
9760
9831
9762
9833
9764
9835
9766
9837
9768
9770
9772
9774
9776
9778
9780
9839
9782
9841
9784
9843
9786
9845
9788
9847
9790
9849
9792
9851
9794
9853
9796
9855
9798
9857
9800
9859
9802
9861
9804
9863
9806
9865
9808
9867
9810
9869
9812
9871
9814
9873
9816
9875
9818
9877
9820
9879
9822
9881
9824
9883
9826
9885
9828
9887
9830
9889
9832
9891
9834
9893
9836
9895
9838
9897
9840
9899
9842
9901
9844
9903
9846
9905
9848
9907
9850
9909
9852
9911
9854
9913
9856
9915
9858
9917
9860
9919
9862
9921
9864
9923
9866
9925
9868
9927
9870
9872
9874
9876
9878
9929
9880
9931
9882
9933
9884
9935
9886
9937
9888
9939
9890
9892
9941
9894
9943
9896
9945
9898
9947
9900
9949
9902
9951
9904
9953
9906
9955
9908
9957
9910
9959
9912
9961
9914
9963
9916
9965
9918
9967
9920
9969
9922
9971
9924
9973
9926
9975
9928
9977
9930
9979
9932
9981
9934
9983
9936
9985
9938
9987
9940
9989
9942
9991
9944
9993
9946
9995
9948
9997
9950
9999
9952
9954
9956
9958
9960
9962
9964
9966
9968
9970
9972
9974
9976
9978
9980
9982
9984
9986
9988
9990
9992
9994
9996
9998
